2024-04-24 06:40:41.042 [info] Experiment 'pythonaacf' is active
2024-04-24 06:40:41.043 [info] Experiment 'pythonRecommendTensorboardExt' is active
2024-04-24 06:40:41.043 [info] Experiment 'pythonREPLSmartSend' is active
2024-04-24 06:40:41.043 [info] Experiment 'pythonTerminalEnvVarActivation' is active
2024-04-24 06:40:41.043 [info] Experiment 'pythonTestAdapter' is active
2024-04-24 06:40:41.043 [info] Python interpreter path: /bin/python3
2024-04-24 06:40:41.518 [info] Test server listening.
2024-04-24 06:40:50.128 [info] Starting Pylance language server.
2024-04-24 18:01:55.182 [info] CreateEnv Trigger - Workspace not found for /home/qaishamd2/lab network/server.py
2024-04-24 18:01:56.055 [info] Send text to terminal: /bin/python3 "/home/qaishamd2/lab network/server.py"
2024-04-24 18:03:11.550 [info] Send text to terminal: /bin/python3 "/home/qaishamd2/lab network/server.py"
2024-04-24 18:06:38.057 [info] Send text to terminal: /bin/python3 "/home/qaishamd2/lab network/server.py"
2024-04-24 19:08:05.858 [info] Send text to terminal: /bin/python3 "/home/qaishamd2/lab network/server.py"
2024-04-25 07:21:05.777 [info] Send text to terminal: /bin/python3 "/home/qaishamd2/lab network/client.py"
2024-04-25 07:40:19.328 [info] Send text to terminal: /bin/python3 "/home/qaishamd2/lab network/client.py"
2024-04-25 07:40:24.388 [info] Send text to terminal: /bin/python3 "/home/qaishamd2/lab network/client.py"
2024-04-25 07:40:26.594 [info] Send text to terminal: /bin/python3 "/home/qaishamd2/lab network/client.py"
2024-04-25 07:40:28.212 [info] Send text to terminal: /bin/python3 "/home/qaishamd2/lab network/client.py"
2024-04-25 07:46:34.829 [info] Send text to terminal: /bin/python3 "/home/qaishamd2/lab network/client.py"
2024-04-25 07:46:42.725 [info] Send text to terminal: /bin/python3 "/home/qaishamd2/lab network/client.py"
2024-04-25 07:46:45.158 [info] Send text to terminal: /bin/python3 "/home/qaishamd2/lab network/client.py"
