2024-04-23 08:52:45.737 [info] Started initializing default profile extensions in extensions installation folder. file:///home/qaishamd2/.vscode/extensions
2024-04-23 08:52:47.442 [error] [uncaught exception in sharedProcess]: Error: ENOENT: no such file or directory, stat '/home/qaishamd2/.vscode/extensions/extensions.json.vsctmp': EntryNotFound (FileSystemError): Error: ENOENT: no such file or directory, stat '/home/qaishamd2/.vscode/extensions/extensions.json.vsctmp'
    at r.create (/snap/code/157/usr/share/code/resources/app/out/vs/code/node/sharedProcess/sharedProcessMain.js:53:30080)
    at a (/snap/code/157/usr/share/code/resources/app/out/vs/code/node/sharedProcess/sharedProcessMain.js:53:30195)
    at i.fb (/snap/code/157/usr/share/code/resources/app/out/vs/code/node/sharedProcess/sharedProcessMain.js:58:36500)
    at i.stat (/snap/code/157/usr/share/code/resources/app/out/vs/code/node/sharedProcess/sharedProcessMain.js:58:28946)
    at async $.stat (/snap/code/157/usr/share/code/resources/app/out/vs/code/node/sharedProcess/sharedProcessMain.js:58:16092)
    at async K.sb (/snap/code/157/usr/share/code/resources/app/out/vs/code/node/sharedProcess/sharedProcessMain.js:104:108402)
2024-04-23 08:52:47.858 [warning] Failed to create default profile extensions manifest in extensions installation folder. file:///home/qaishamd2/.vscode/extensions Unable to create file 'vscode-userdata:/home/qaishamd2/.vscode/extensions/extensions.json' that already exists when overwrite flag is not set
2024-04-23 08:52:47.864 [info] Completed initializing default profile extensions in extensions installation folder. file:///home/qaishamd2/.vscode/extensions
2024-04-23 08:54:03.028 [info] Getting Manifest... ms-python.vscode-pylance
2024-04-23 08:54:03.112 [info] Installing extension: ms-python.vscode-pylance
2024-04-23 08:54:13.543 [info] Getting Manifest... ms-python.python
2024-04-23 08:54:16.132 [info] Getting Manifest... ms-python.debugpy
2024-04-23 08:54:16.858 [info] Installing extension: ms-python.python
2024-04-23 08:54:16.859 [info] Installing extension: ms-python.debugpy
2024-04-23 08:55:32.665 [info] Extension signature is verified: ms-python.debugpy
2024-04-23 08:55:36.319 [info] Extracted extension to file:///home/qaishamd2/.vscode/extensions/ms-python.debugpy-2024.4.0-linux-x64: ms-python.debugpy
2024-04-23 08:55:36.331 [info] Renamed to /home/qaishamd2/.vscode/extensions/ms-python.debugpy-2024.4.0-linux-x64
2024-04-23 08:55:36.341 [info] Extracting extension completed. ms-python.debugpy
2024-04-23 08:55:36.477 [error] [uncaught exception in sharedProcess]: Error: ENOENT: no such file or directory, stat '/home/qaishamd2/.vscode/extensions/extensions.json.vsctmp': EntryNotFound (FileSystemError): Error: ENOENT: no such file or directory, stat '/home/qaishamd2/.vscode/extensions/extensions.json.vsctmp'
    at r.create (/snap/code/157/usr/share/code/resources/app/out/vs/code/node/sharedProcess/sharedProcessMain.js:53:30080)
    at a (/snap/code/157/usr/share/code/resources/app/out/vs/code/node/sharedProcess/sharedProcessMain.js:53:30195)
    at i.fb (/snap/code/157/usr/share/code/resources/app/out/vs/code/node/sharedProcess/sharedProcessMain.js:58:36500)
    at i.stat (/snap/code/157/usr/share/code/resources/app/out/vs/code/node/sharedProcess/sharedProcessMain.js:58:28946)
    at async $.stat (/snap/code/157/usr/share/code/resources/app/out/vs/code/node/sharedProcess/sharedProcessMain.js:58:16092)
    at async K.sb (/snap/code/157/usr/share/code/resources/app/out/vs/code/node/sharedProcess/sharedProcessMain.js:104:108402)
2024-04-23 08:56:45.261 [info] Extension signature is verified: ms-python.python
2024-04-23 08:56:53.967 [info] Extension signature is verified: ms-python.vscode-pylance
2024-04-23 08:56:58.235 [info] Extracted extension to file:///home/qaishamd2/.vscode/extensions/ms-python.python-2024.4.1: ms-python.python
2024-04-23 08:56:58.257 [info] Renamed to /home/qaishamd2/.vscode/extensions/ms-python.python-2024.4.1
2024-04-23 08:56:58.277 [info] Extracting extension completed. ms-python.python
2024-04-23 08:56:58.386 [error] [uncaught exception in sharedProcess]: Error: ENOENT: no such file or directory, stat '/home/qaishamd2/.vscode/extensions/extensions.json.vsctmp': EntryNotFound (FileSystemError): Error: ENOENT: no such file or directory, stat '/home/qaishamd2/.vscode/extensions/extensions.json.vsctmp'
    at r.create (/snap/code/157/usr/share/code/resources/app/out/vs/code/node/sharedProcess/sharedProcessMain.js:53:30080)
    at a (/snap/code/157/usr/share/code/resources/app/out/vs/code/node/sharedProcess/sharedProcessMain.js:53:30195)
    at i.fb (/snap/code/157/usr/share/code/resources/app/out/vs/code/node/sharedProcess/sharedProcessMain.js:58:36500)
    at i.stat (/snap/code/157/usr/share/code/resources/app/out/vs/code/node/sharedProcess/sharedProcessMain.js:58:28946)
    at async $.stat (/snap/code/157/usr/share/code/resources/app/out/vs/code/node/sharedProcess/sharedProcessMain.js:58:16092)
    at async K.sb (/snap/code/157/usr/share/code/resources/app/out/vs/code/node/sharedProcess/sharedProcessMain.js:104:108402)
2024-04-23 08:57:17.703 [info] Extracted extension to file:///home/qaishamd2/.vscode/extensions/ms-python.vscode-pylance-2024.4.1: ms-python.vscode-pylance
2024-04-23 08:57:17.752 [info] Renamed to /home/qaishamd2/.vscode/extensions/ms-python.vscode-pylance-2024.4.1
2024-04-23 08:57:17.764 [info] Extracting extension completed. ms-python.vscode-pylance
2024-04-23 08:57:17.801 [info] Extension installed successfully: ms-python.debugpy
2024-04-23 08:57:17.802 [info] Extension installed successfully: ms-python.python
2024-04-23 08:57:17.802 [info] Extension installed successfully: ms-python.vscode-pylance
2024-04-23 08:57:17.873 [error] [uncaught exception in sharedProcess]: Error: ENOENT: no such file or directory, stat '/home/qaishamd2/.vscode/extensions/extensions.json.vsctmp': EntryNotFound (FileSystemError): Error: ENOENT: no such file or directory, stat '/home/qaishamd2/.vscode/extensions/extensions.json.vsctmp'
    at r.create (/snap/code/157/usr/share/code/resources/app/out/vs/code/node/sharedProcess/sharedProcessMain.js:53:30080)
    at a (/snap/code/157/usr/share/code/resources/app/out/vs/code/node/sharedProcess/sharedProcessMain.js:53:30195)
    at i.fb (/snap/code/157/usr/share/code/resources/app/out/vs/code/node/sharedProcess/sharedProcessMain.js:58:36500)
    at i.stat (/snap/code/157/usr/share/code/resources/app/out/vs/code/node/sharedProcess/sharedProcessMain.js:58:28946)
    at async $.stat (/snap/code/157/usr/share/code/resources/app/out/vs/code/node/sharedProcess/sharedProcessMain.js:58:16092)
    at async K.sb (/snap/code/157/usr/share/code/resources/app/out/vs/code/node/sharedProcess/sharedProcessMain.js:104:108402)
2024-04-23 09:04:20.599 [info] Getting Manifest... ms-python.python
2024-04-23 09:04:20.841 [info] Installing extension: ms-python.python
2024-04-23 09:04:25.093 [info] Extension installed successfully: ms-python.python
2024-04-23 09:04:25.119 [error] [uncaught exception in sharedProcess]: Error: ENOENT: no such file or directory, stat '/home/qaishamd2/.vscode/extensions/extensions.json.vsctmp': EntryNotFound (FileSystemError): Error: ENOENT: no such file or directory, stat '/home/qaishamd2/.vscode/extensions/extensions.json.vsctmp'
    at r.create (/snap/code/157/usr/share/code/resources/app/out/vs/code/node/sharedProcess/sharedProcessMain.js:53:30080)
    at a (/snap/code/157/usr/share/code/resources/app/out/vs/code/node/sharedProcess/sharedProcessMain.js:53:30195)
    at i.fb (/snap/code/157/usr/share/code/resources/app/out/vs/code/node/sharedProcess/sharedProcessMain.js:58:36500)
    at i.stat (/snap/code/157/usr/share/code/resources/app/out/vs/code/node/sharedProcess/sharedProcessMain.js:58:28946)
    at async $.stat (/snap/code/157/usr/share/code/resources/app/out/vs/code/node/sharedProcess/sharedProcessMain.js:58:16092)
    at async K.sb (/snap/code/157/usr/share/code/resources/app/out/vs/code/node/sharedProcess/sharedProcessMain.js:104:108402)
