2024-04-23 08:52:40.881 [info] Added views:workbench.panel.markers.view in workbench.panel.markers
2024-04-23 08:52:40.881 [info] Added views:workbench.panel.output in workbench.panel.output
2024-04-23 08:52:40.881 [info] Added views:terminal in terminal
2024-04-23 08:52:40.881 [info] Added views:outline in workbench.view.explorer
2024-04-23 08:52:40.881 [info] Added views:workbench.scm in workbench.view.scm
2024-04-23 08:52:40.881 [info] Added views:workbench.view.search in workbench.view.search
2024-04-23 08:52:40.881 [info] Added views:timeline in workbench.view.explorer
2024-04-23 08:52:40.881 [info] Added views:workbench.explorer.emptyView in workbench.view.explorer
2024-04-23 08:52:45.254 [info] Added views:workbench.debug.variablesView,workbench.debug.watchExpressionsView,workbench.debug.callStackView,workbench.debug.breakPointsView in workbench.view.debug
2024-04-23 08:52:47.842 [info] Added views:~remote.forwardedPorts in ~remote.forwardedPortsContainer
2024-04-23 08:52:48.731 [info] Added views:workbench.panel.repl.view in workbench.panel.repl
2024-04-23 08:52:48.738 [info] Removed views:workbench.debug.breakPointsView,workbench.debug.callStackView,workbench.debug.watchExpressionsView,workbench.debug.variablesView from workbench.view.debug
2024-04-23 08:52:48.865 [info] Added views:workbench.debug.welcome in workbench.view.debug
2024-04-23 08:53:24.125 [info] Added views:workbench.panel.markers.view in workbench.panel.markers
2024-04-23 08:53:24.125 [info] Added views:workbench.panel.output in workbench.panel.output
2024-04-23 08:53:24.125 [info] Added views:terminal in terminal
2024-04-23 08:53:24.125 [info] Added views:outline in workbench.view.explorer
2024-04-23 08:53:24.125 [info] Added views:workbench.scm in workbench.view.scm
2024-04-23 08:53:24.125 [info] Added views:workbench.view.search in workbench.view.search
2024-04-23 08:53:24.125 [info] Added views:timeline in workbench.view.explorer
2024-04-23 08:53:24.125 [info] Added views:workbench.explorer.fileView in workbench.view.explorer
2024-04-23 08:53:28.101 [info] Added views:workbench.debug.variablesView,workbench.debug.watchExpressionsView,workbench.debug.callStackView,workbench.debug.breakPointsView in workbench.view.debug
2024-04-23 08:53:28.774 [info] Added views:workbench.panel.repl.view in workbench.panel.repl
2024-04-23 08:53:28.775 [info] Removed views:workbench.debug.breakPointsView,workbench.debug.callStackView,workbench.debug.watchExpressionsView,workbench.debug.variablesView from workbench.view.debug
2024-04-23 08:53:28.783 [info] Added views:workbench.debug.welcome in workbench.view.debug
2024-04-23 08:53:33.135 [info] Added views:~remote.forwardedPorts in ~remote.forwardedPortsContainer
2024-04-23 08:53:51.866 [info] Added views:workbench.views.extensions.installed,workbench.views.extensions.popular,extensions.recommendedList in workbench.view.extensions
2024-04-23 08:53:51.874 [info] Removed views:workbench.views.extensions.popular from workbench.view.extensions
2024-04-23 08:53:53.824 [info] Added views:workbench.views.extensions.popular in workbench.view.extensions
2024-04-23 08:53:54.830 [info] Removed views:extensions.recommendedList,workbench.views.extensions.popular,workbench.views.extensions.installed from workbench.view.extensions
2024-04-23 08:53:54.889 [info] Added views:workbench.views.extensions.marketplace in workbench.view.extensions
2024-04-23 08:57:21.162 [info] Added views:workbench.view.testing in workbench.view.extension.test
