2024-04-25 17:59:17.177 [warning] Creation of workbench contribution 'workbench.contrib.remoteInvalidWorkspaceDetector' took 32ms.
2024-04-25 17:59:17.952 [warning] Creation of workbench contribution 'workbench.contrib.explorerViewletViews' took 75ms.
2024-04-25 17:59:18.182 [warning] Creation of workbench contribution 'workbench.contrib.textFileSaveErrorHandler' took 158ms.
2024-04-25 17:59:18.710 [warning] Creation of workbench contribution 'workbench.contrib.chatExtensionPointHandler' took 355ms.
2024-04-25 17:59:19.044 [warning] Creation of workbench contribution 'workbench.contrib.preferencesActions' took 305ms.
2024-04-25 17:59:19.118 [warning] Creation of workbench contribution 'workbench.contrib.preferences' took 23ms.
2024-04-25 17:59:19.395 [warning] Creation of workbench contribution 'workbench.contrib.remoteStatusIndicator' took 228ms.
2024-04-25 17:59:19.479 [warning] Creation of workbench contribution 'workbench.contrib.localTerminalBackend' took 185ms.
2024-04-25 17:59:19.938 [warning] Creation of workbench contribution 'workbench.contrib.extensionPoints' took 33ms.
2024-04-25 17:59:20.392 [warning] Creation of workbench contribution 'workbench.contrib.notebook' took 535ms.
2024-04-25 17:59:20.451 [warning] Creation of workbench contribution 'workbench.contrib.cellContentProvider' took 44ms.
2024-04-25 17:59:20.499 [warning] Creation of workbench contribution 'terminalMain' took 80ms.
2024-04-25 17:59:20.581 [warning] Creation of workbench contribution 'workbench.contrib.entitlements' took 125ms.
2024-04-25 17:59:20.927 [warning] Creation of workbench contribution 'workbench.contrib.textMateTokenizationInstantiator' took 245ms.
2024-04-25 17:59:21.041 [warning] Creation of workbench contribution 'workbench.contrib.userDataProfiles' took 23ms.
2024-04-25 17:59:21.079 [warning] Creation of workbench contribution 'workbench.contrib.updateExperimentalSettingsDefaults' took 108ms.
2024-04-25 17:59:21.376 [warning] Creation of workbench contribution 'workbench.contrib.localHistoryTimeline' took 133ms.
2024-04-25 17:59:21.377 [warning] Creation of workbench contribution 'workbench.contrib.editorAutoSave' took 51ms.
2024-04-25 17:59:21.439 [warning] Creation of workbench contribution 'workbench.contrib.editorStatus' took 121ms.
2024-04-25 17:59:21.558 [warning] Creation of workbench contribution 'workbench.contrib.untitledTextEditorWorkingCopyEditorHandler' took 111ms.
2024-04-25 17:59:22.018 [warning] Creation of workbench contribution 'workbench.contrib.interactiveDocument' took 456ms.
2024-04-25 17:59:22.078 [warning] Creation of workbench contribution 'workbench.contrib.notebookEditorManager' took 32ms.
2024-04-25 17:59:33.968 [info] Started local extension host with pid 3763.
2024-04-25 18:00:16.293 [info] Extension host (LocalProcess pid: 3763) is unresponsive.
2024-04-25 18:00:19.092 [info] Extension host (LocalProcess pid: 3763) is responsive.
2024-04-25 18:00:31.070 [warning] Creation of workbench contribution 'workbench.contrib.dynamicWorkbenchSecurityConfiguration' took 129ms.
2024-04-25 18:00:52.790 [warning] Creation of workbench contribution 'workbench.contrib.configurationMigration' took 539ms.
2024-04-25 18:00:52.793 [info] [perf] Render performance baseline is -1ms
