2024-04-23 08:52:47.319 [info] Extension host with pid 40622 started
2024-04-23 08:52:48.889 [info] ExtensionService#_doActivateExtension vscode.git-base, startup: true, activationEvent: '*', root cause: vscode.git
2024-04-23 08:52:49.794 [info] ExtensionService#_doActivateExtension vscode.git, startup: true, activationEvent: '*'
2024-04-23 08:52:50.946 [info] ExtensionService#_doActivateExtension vscode.github, startup: true, activationEvent: '*'
2024-04-23 08:52:52.604 [info] Eager extensions activated
2024-04-23 08:52:53.161 [info] ExtensionService#_doActivateExtension vscode.debug-auto-launch, startup: false, activationEvent: 'onStartupFinished'
2024-04-23 08:52:53.189 [info] ExtensionService#_doActivateExtension vscode.merge-conflict, startup: false, activationEvent: 'onStartupFinished'
2024-04-23 08:53:20.114 [info] Extension host terminating: renderer closed the MessagePort
2024-04-23 08:53:20.218 [info] Extension host with pid 40622 exiting with code 0
2024-04-23 08:53:28.219 [info] Extension host with pid 40719 started
2024-04-23 08:53:28.219 [info] Skipping acquiring lock for /home/qaishamd2/.config/Code/User/workspaceStorage/3a52fd4d4d7bd62ac8b3f411e52ad7a3.
2024-04-23 08:53:28.814 [info] ExtensionService#_doActivateExtension vscode.git-base, startup: true, activationEvent: '*'
2024-04-23 08:53:29.189 [info] ExtensionService#_doActivateExtension vscode.github, startup: true, activationEvent: '*'
2024-04-23 08:53:29.392 [info] Eager extensions activated
2024-04-23 08:53:29.397 [info] ExtensionService#_doActivateExtension vscode.debug-auto-launch, startup: false, activationEvent: 'onStartupFinished'
2024-04-23 08:53:29.409 [info] ExtensionService#_doActivateExtension vscode.merge-conflict, startup: false, activationEvent: 'onStartupFinished'
2024-04-23 08:53:35.587 [info] ExtensionService#_doActivateExtension vscode.emmet, startup: false, activationEvent: 'onLanguage'
2024-04-23 08:53:38.880 [info] ExtensionService#_doActivateExtension vscode.git, startup: false, activationEvent: 'api', root cause: vscode.github
2024-04-23 08:57:18.645 [info] ExtensionService#_doActivateExtension ms-python.python, startup: false, activationEvent: 'onLanguage:python', root cause: ms-python.debugpy
2024-04-23 08:57:21.595 [info] ExtensionService#_doActivateExtension ms-python.debugpy, startup: false, activationEvent: 'onLanguage:python'
2024-04-23 08:57:21.792 [info] ExtensionService#_doActivateExtension ms-python.vscode-pylance, startup: false, activationEvent: 'onLanguage:python'
